<?xml version="1.0" encoding="UTF-8"?>
<beans xmlns="http://www.springframework.org/schema/beans"
	xmlns:xsi="http://www.w3.org/2001/XMLSchema-instance" xmlns:context="http://www.springframework.org/schema/context"
	xmlns:util="http://www.springframework.org/schema/util" xmlns:tx="http://www.springframework.org/schema/tx"
	xmlns:jee="http://www.springframework.org/schema/jee" xmlns:aop="http://www.springframework.org/schema/aop"
	xsi:schemaLocation="http://www.springframework.org/schema/beans
						http://www.springframework.org/schema/beans/spring-beans-3.2.xsd
						http://www.springframework.org/schema/context
						http://www.springframework.org/schema/context/spring-context-3.2.xsd
						http://www.springframework.org/schema/util 
						http://www.springframework.org/schema/util/spring-util-3.2.xsd
						http://www.springframework.org/schema/tx
						http://www.springframework.org/schema/tx/spring-tx.xsd
						http://www.springframework.org/schema/jee 
						http://www.springframework.org/schema/jee/spring-jee-3.2.xsd
						http://www.springframework.org/schema/aop
						http://www.springframework.org/schema/aop/spring-aop-3.2.xsd">

	<context:annotation-config />

	<context:property-placeholder location="classpath:/context/test-context.properties" ignore-unresolvable="true"/>

	<bean id="chromeFactory" class="com.mgiorda.page.browser.ChromeFactory">
		<constructor-arg type="java.util.Map">
			<util:map>
				<entry key="WINDOWS" value="${chrome.driver.windows}"/>
				<entry key="UNIX" value="${chrome.driver.unix}"/>
			</util:map>
		</constructor-arg>
	</bean>


	<bean id="webDriverFactory" class="com.mgiorda.page.WebDriverFactory">
		<constructor-arg type="java.util.Map">
			<util:map>
				<entry key="CHROME" value-ref="chromeFactory"/>
				<entry key="FIREFOX" value-ref="firefoxFactory"/>
<!-- 				<entry key="INTERNET_EXPLORER" value-ref="iexplorerFactory"/> -->
<!-- 				<entry key="REMOTE" value-ref="remoteFactory"/> -->
			</util:map>
		</constructor-arg>
		<constructor-arg type="int" value="${load.waitTimeOut}" />
	</bean>

</beans>